[debug] [2023-02-15T00:18:37.886Z] ----------------------------------------------------------------------
[debug] [2023-02-15T00:18:37.891Z] Command:       C:\Program Files\nodejs\node.exe C:\Users\lamag\AppData\Roaming\npm\node_modules\firebase-tools\lib\bin\firebase.js init hosting
[debug] [2023-02-15T00:18:37.892Z] CLI Version:   11.23.1
[debug] [2023-02-15T00:18:37.892Z] Platform:      win32
[debug] [2023-02-15T00:18:37.893Z] Node Version:  v18.14.0
[debug] [2023-02-15T00:18:37.894Z] Time:          Wed Feb 15 2023 06:03:37 GMT+0545 (Nepal Time)
[debug] [2023-02-15T00:18:37.894Z] ----------------------------------------------------------------------
[debug] 
[debug] [2023-02-15T00:18:37.913Z] > command requires scopes: ["email","openid","https://www.googleapis.com/auth/cloudplatformprojects.readonly","https://www.googleapis.com/auth/firebase","https://www.googleapis.com/auth/cloud-platform"]
[debug] [2023-02-15T00:18:37.913Z] > authorizing via signed-in user (nyushan.darshan@gmail.com)
[info] 
     ######## #### ########  ######## ########     ###     ######  ########
     ##        ##  ##     ## ##       ##     ##  ##   ##  ##       ##
     ######    ##  ########  ######   ########  #########  ######  ######
     ##        ##  ##    ##  ##       ##     ## ##     ##       ## ##
     ##       #### ##     ## ######## ########  ##     ##  ######  ########

You're about to initialize a Firebase project in this directory:

  C:\Users\lamag\OneDrive\Desktop\AdVC\cloud\furniturely\client

[info] 
=== Project Setup
[info] 
[info] First, let's associate this project directory with a Firebase project.
[info] You can create multiple project aliases by running firebase use --add, 
[info] but for now we'll just set up a default project.
[info] 
[debug] [2023-02-15T00:18:41.148Z] >>> [apiv2][query] GET https://firebase.googleapis.com/v1beta1/projects pageSize=100
[debug] [2023-02-15T00:18:42.679Z] <<< [apiv2][status] GET https://firebase.googleapis.com/v1beta1/projects 200
[debug] [2023-02-15T00:18:42.679Z] <<< [apiv2][body] GET https://firebase.googleapis.com/v1beta1/projects [omitted]
[info] i  Using project simplexdecor-7a3eb (SimplexDecor) 
[info] 
=== Hosting Setup
[info] 
[info] Your public directory is the folder (relative to your project directory) that
[info] will contain Hosting assets to be uploaded with firebase deploy. If you
[info] have a build process for your assets, use your build's output directory.
[info] 
[debug] [2023-02-15T00:18:52.383Z] >>> [apiv2][query] GET https://www.gstatic.com/firebasejs/releases.json [none]
[debug] [2023-02-15T00:18:52.589Z] <<< [apiv2][status] GET https://www.gstatic.com/firebasejs/releases.json 200
[debug] [2023-02-15T00:18:52.589Z] <<< [apiv2][body] GET https://www.gstatic.com/firebasejs/releases.json {"current":{"version":"9.17.1","browserURL":"https://www.gstatic.com/firebasejs/9.17.1/firebase.js","packageURL":"https://www.gstatic.com/firebasejs/9.17.1/firebase.tgz"},"live":{"version":"9.17","browserURL":"https://www.gstatic.com/firebasejs/live/9.17/firebase.js","packageURL":"https://www.gstatic.com/firebasejs/live/9.17/firebase.tgz"},"components":{"analytics":"https://www.gstatic.com/firebasejs/9.17.1/firebase-analytics.js","app":"https://www.gstatic.com/firebasejs/9.17.1/firebase-app.js","app-check":"https://www.gstatic.com/firebasejs/9.17.1/firebase-app-check.js","auth":"https://www.gstatic.com/firebasejs/9.17.1/firebase-auth.js","auth/cordova":"https://www.gstatic.com/firebasejs/9.17.1/firebase-auth/cordova.js","auth/react-native":"https://www.gstatic.com/firebasejs/9.17.1/firebase-auth/react-native.js","functions":"https://www.gstatic.com/firebasejs/9.17.1/firebase-functions.js","firestore":"https://www.gstatic.com/firebasejs/9.17.1/firebase-firestore.js","firestore/lite":"https://www.gstatic.com/firebasejs/9.17.1/firebase-firestore/lite.js","installations":"https://www.gstatic.com/firebasejs/9.17.1/firebase-installations.js","storage":"https://www.gstatic.com/firebasejs/9.17.1/firebase-storage.js","performance":"https://www.gstatic.com/firebasejs/9.17.1/firebase-performance.js","remote-config":"https://www.gstatic.com/firebasejs/9.17.1/firebase-remote-config.js","messaging":"https://www.gstatic.com/firebasejs/9.17.1/firebase-messaging.js","messaging/sw":"https://www.gstatic.com/firebasejs/9.17.1/firebase-messaging/sw.js","database":"https://www.gstatic.com/firebasejs/9.17.1/firebase-database.js","firestore.memory":"https://www.gstatic.com/firebasejs/9.17.1/firebase-firestore.memory.js"}}
[info] i  Skipping write of public/index.html 
[info] 
[info] i  Detected a .git folder at C:\Users\lamag\OneDrive\Desktop\AdVC\cloud\furniturely 
[info] i  Authorizing with GitHub to upload your service account to a GitHub repository's secrets store. 
[info] 
[info] Visit this URL on this device to log in:
[info] https://github.com/login/oauth/authorize?client_id=89cf50f02ac6aaed3484&state=880860682&redirect_uri=http%3A%2F%2Flocalhost%3A9005&scope=read%3Auser%20repo%20public_repo
[info] 
[info] Waiting for authentication...
[debug] [2023-02-15T00:19:05.889Z] >>> [apiv2][query] POST https://github.com/login/oauth/access_token [none]
[debug] [2023-02-15T00:19:05.890Z] >>> [apiv2][body] POST https://github.com/login/oauth/access_token [stream]
[debug] [2023-02-15T00:19:06.488Z] <<< [apiv2][status] POST https://github.com/login/oauth/access_token 200
[debug] [2023-02-15T00:19:06.488Z] <<< [apiv2][body] POST https://github.com/login/oauth/access_token {"access_token":"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","token_type":"bearer","scope":"read:user,repo"}
[debug] [2023-02-15T00:19:06.502Z] >>> [apiv2][query] GET https://api.github.com/user [none]
[debug] [2023-02-15T00:19:07.096Z] <<< [apiv2][status] GET https://api.github.com/user 200
[debug] [2023-02-15T00:19:07.097Z] <<< [apiv2][body] GET https://api.github.com/user {"login":"shannyushan","id":51186764,"node_id":"MDQ6VXNlcjUxMTg2NzY0","avatar_url":"https://avatars.githubusercontent.com/u/51186764?v=4","gravatar_id":"","url":"https://api.github.com/users/shannyushan","html_url":"https://github.com/shannyushan","followers_url":"https://api.github.com/users/shannyushan/followers","following_url":"https://api.github.com/users/shannyushan/following{/other_user}","gists_url":"https://api.github.com/users/shannyushan/gists{/gist_id}","starred_url":"https://api.github.com/users/shannyushan/starred{/owner}{/repo}","subscriptions_url":"https://api.github.com/users/shannyushan/subscriptions","organizations_url":"https://api.github.com/users/shannyushan/orgs","repos_url":"https://api.github.com/users/shannyushan/repos","events_url":"https://api.github.com/users/shannyushan/events{/privacy}","received_events_url":"https://api.github.com/users/shannyushan/received_events","type":"User","site_admin":false,"name":"shannyushan","company":null,"blog":"","location":"Nepal","email":null,"hireable":null,"bio":null,"twitter_username":null,"public_repos":4,"public_gists":0,"followers":3,"following":5,"created_at":"2019-05-30T04:51:55Z","updated_at":"2023-01-29T06:19:54Z","private_gists":1,"total_private_repos":40,"owned_private_repos":39,"disk_usage":102490,"collaborators":9,"two_factor_authentication":false,"plan":{"name":"free","space":976562499,"collaborators":0,"private_repos":10000}}
[info] 
[info] +  Success! Logged into GitHub as shannyushan 
[info] 
[debug] [2023-02-15T00:19:25.179Z] >>> [apiv2][query] GET https://api.github.com/repos//actions/secrets/public-key type=owner
[debug] [2023-02-15T00:19:25.489Z] >>> [apiv2][query] GET https://api.github.com/repos//actions/secrets/public-key type=owner
[debug] [2023-02-15T00:19:25.760Z] <<< [apiv2][status] GET https://api.github.com/repos//actions/secrets/public-key 404
[debug] [2023-02-15T00:19:25.760Z] <<< [apiv2][body] GET https://api.github.com/repos//actions/secrets/public-key {"message":"Not Found","documentation_url":"https://docs.github.com/rest"}
[debug] [2023-02-15T00:19:25.983Z] <<< [apiv2][status] GET https://api.github.com/repos//actions/secrets/public-key 404
[debug] [2023-02-15T00:19:25.984Z] <<< [apiv2][body] GET https://api.github.com/repos//actions/secrets/public-key {"message":"Not Found","documentation_url":"https://docs.github.com/rest"}
[debug] [2023-02-15T00:19:27.083Z] >>> [apiv2][query] GET https://api.github.com/repos//actions/secrets/public-key type=owner
[debug] [2023-02-15T00:19:27.561Z] <<< [apiv2][status] GET https://api.github.com/repos//actions/secrets/public-key 404
[debug] [2023-02-15T00:19:27.562Z] <<< [apiv2][body] GET https://api.github.com/repos//actions/secrets/public-key {"message":"Not Found","documentation_url":"https://docs.github.com/rest"}
[debug] [2023-02-15T00:19:33.161Z] >>> [apiv2][query] GET https://api.github.com/repos/n/actions/secrets/public-key type=owner
[debug] [2023-02-15T00:19:33.662Z] <<< [apiv2][status] GET https://api.github.com/repos/n/actions/secrets/public-key 404
[debug] [2023-02-15T00:19:33.662Z] <<< [apiv2][body] GET https://api.github.com/repos/n/actions/secrets/public-key {"message":"Not Found","documentation_url":"https://docs.github.com/rest"}
